c:\users\s213090\documents\aieyear1samples\cdds_ipc_entitydisplay\x64\debug\vc143.pdb
c:\users\s213090\documents\aieyear1samples\cdds_ipc_entitydisplay\x64\debug\vc143.idb
c:\users\s213090\documents\aieyear1samples\cdds_ipc_entitydisplay\x64\debug\main.obj
c:\users\s213090\documents\aieyear1samples\cdds_ipc_entitydisplay\x64\debug\entitydisplayapp.obj
c:\users\s213090\documents\aieyear1samples\cdds_ipc_entitydisplay\x64\debug\cdds_ipc_entitydisplay.ilk
c:\users\s213090\documents\aie\diploma\code design and data structures\assessment\cddsassessment\bin\x64\debug\cdds_ipc_entitydisplay.exe
c:\users\s213090\documents\aie\diploma\code design and data structures\assessment\cddsassessment\bin\x64\debug\cdds_ipc_entitydisplay.pdb
c:\users\s213090\documents\cdds\assessment\cddslukestanbridge\cdds_ipc_entitydisplay\x64\debug\entitydisplayapp.obj
c:\users\s213090\documents\cdds\assessment\cddslukestanbridge\cdds_ipc_entitydisplay\x64\debug\main.obj
c:\users\s213090\documents\cdds\assessment\cddslukestanbridge\cdds_ipc_entitydisplay\x64\debug\cdds_ipc_entitydisplay.ilk
c:\users\s213090\documents\cdds\assessment\cddslukestanbridge\cdds_ipc_entitydisplay\x64\debug\vc143.idb
c:\users\s213090\documents\cdds\assessment\cddslukestanbridge\cdds_ipc_entitydisplay\x64\debug\vc143.pdb
c:\users\s213090\documents\cdds\assessment\cddslukestanbridge\x64\debug\cdds_ipc_entitydisplay.pdb
c:\users\s213090\documents\cdds\assessment\cddslukestanbridge\x64\debug\cdds_ipc_entitydisplay.exe
c:\users\s213090\documents\cdds\assessment\cddslukestanbridge\cdds_ipc_entitydisplay\x64\debug\cdds_ipc.591693ec.tlog\cl.command.1.tlog
c:\users\s213090\documents\cdds\assessment\cddslukestanbridge\cdds_ipc_entitydisplay\x64\debug\cdds_ipc.591693ec.tlog\cl.read.1.tlog
c:\users\s213090\documents\cdds\assessment\cddslukestanbridge\cdds_ipc_entitydisplay\x64\debug\cdds_ipc.591693ec.tlog\cl.write.1.tlog
c:\users\s213090\documents\cdds\assessment\cddslukestanbridge\cdds_ipc_entitydisplay\x64\debug\cdds_ipc.591693ec.tlog\link.command.1.tlog
c:\users\s213090\documents\cdds\assessment\cddslukestanbridge\cdds_ipc_entitydisplay\x64\debug\cdds_ipc.591693ec.tlog\link.read.1.tlog
c:\users\s213090\documents\cdds\assessment\cddslukestanbridge\cdds_ipc_entitydisplay\x64\debug\cdds_ipc.591693ec.tlog\link.write.1.tlog
