c:\users\s213090\documents\aieyear1samples\cdds_ipc_entityeditor\x64\debug\vc143.pdb
c:\users\s213090\documents\aieyear1samples\cdds_ipc_entityeditor\x64\debug\vc143.idb
c:\users\s213090\documents\aieyear1samples\cdds_ipc_entityeditor\x64\debug\main.obj
c:\users\s213090\documents\aieyear1samples\cdds_ipc_entityeditor\x64\debug\entityeditorapp.obj
c:\users\s213090\documents\aieyear1samples\cdds_ipc_entityeditor\x64\debug\cdds_ipc_entityeditor.ilk
c:\users\s213090\documents\aie\diploma\code design and data structures\assessment\cddsassessment\bin\x64\debug\cdds_ipc_entityeditor.exe
c:\users\s213090\documents\aie\diploma\code design and data structures\assessment\cddsassessment\bin\x64\debug\cdds_ipc_entityeditor.pdb
c:\users\s213090\documents\cdds\assessment\cddslukestanbridge\cdds_ipc_entityeditor\x64\debug\entityeditorapp.obj
c:\users\s213090\documents\cdds\assessment\cddslukestanbridge\cdds_ipc_entityeditor\x64\debug\main.obj
c:\users\s213090\documents\cdds\assessment\cddslukestanbridge\cdds_ipc_entityeditor\x64\debug\cdds_ipc_entityeditor.ilk
c:\users\s213090\documents\cdds\assessment\cddslukestanbridge\cdds_ipc_entityeditor\x64\debug\vc143.idb
c:\users\s213090\documents\cdds\assessment\cddslukestanbridge\cdds_ipc_entityeditor\x64\debug\vc143.pdb
c:\users\s213090\documents\cdds\assessment\cddslukestanbridge\x64\debug\cdds_ipc_entityeditor.pdb
c:\users\s213090\documents\cdds\assessment\cddslukestanbridge\x64\debug\cdds_ipc_entityeditor.exe
c:\users\s213090\documents\cdds\assessment\cddslukestanbridge\cdds_ipc_entityeditor\x64\debug\cdds_ipc.a443de1a.tlog\cl.command.1.tlog
c:\users\s213090\documents\cdds\assessment\cddslukestanbridge\cdds_ipc_entityeditor\x64\debug\cdds_ipc.a443de1a.tlog\cl.read.1.tlog
c:\users\s213090\documents\cdds\assessment\cddslukestanbridge\cdds_ipc_entityeditor\x64\debug\cdds_ipc.a443de1a.tlog\cl.write.1.tlog
c:\users\s213090\documents\cdds\assessment\cddslukestanbridge\cdds_ipc_entityeditor\x64\debug\cdds_ipc.a443de1a.tlog\link.command.1.tlog
c:\users\s213090\documents\cdds\assessment\cddslukestanbridge\cdds_ipc_entityeditor\x64\debug\cdds_ipc.a443de1a.tlog\link.read.1.tlog
c:\users\s213090\documents\cdds\assessment\cddslukestanbridge\cdds_ipc_entityeditor\x64\debug\cdds_ipc.a443de1a.tlog\link.write.1.tlog
