  EntityEditorApp.cpp
C:\Users\s213090\Documents\AIE\Diploma\Code Design and Data Structures\Assessment\CDDSAssessment\packages\raylib.4.0.0.7\build\native\include\raygui.h(3273,60): warning C4244: '=': conversion from 'int' to 'float', possible loss of data
C:\Users\s213090\Documents\AIE\Diploma\Code Design and Data Structures\Assessment\CDDSAssessment\packages\raylib.4.0.0.7\build\native\include\raygui.h(3274,60): warning C4244: '=': conversion from 'int' to 'float', possible loss of data
C:\Users\s213090\Documents\AIEYear1Samples\CDDS_IPC_EntityEditor\EntityEditorApp.cpp(26,12): warning C4244: 'argument': conversion from 'time_t' to 'unsigned int', possible loss of data
C:\Users\s213090\Documents\AIEYear1Samples\CDDS_IPC_EntityEditor\EntityEditorApp.cpp(28,20): warning C4244: '=': conversion from 'int' to 'float', possible loss of data
C:\Users\s213090\Documents\AIEYear1Samples\CDDS_IPC_EntityEditor\EntityEditorApp.cpp(29,20): warning C4244: '=': conversion from 'int' to 'float', possible loss of data
C:\Users\s213090\Documents\AIEYear1Samples\CDDS_IPC_EntityEditor\EntityEditorApp.cpp(31,25): warning C4244: '=': conversion from 'int' to 'float', possible loss of data
C:\Users\s213090\Documents\AIEYear1Samples\CDDS_IPC_EntityEditor\EntityEditorApp.cpp(32,28): warning C4244: '=': conversion from 'int' to 'float', possible loss of data
C:\Users\s213090\Documents\AIEYear1Samples\CDDS_IPC_EntityEditor\EntityEditorApp.cpp(75,28): warning C4244: '=': conversion from 'int' to 'float', possible loss of data
C:\Users\s213090\Documents\AIEYear1Samples\CDDS_IPC_EntityEditor\EntityEditorApp.cpp(78,28): warning C4244: '=': conversion from 'int' to 'float', possible loss of data
C:\Users\s213090\Documents\AIEYear1Samples\CDDS_IPC_EntityEditor\EntityEditorApp.cpp(102,25): warning C4244: '=': conversion from 'double' to 'float', possible loss of data
C:\Users\s213090\Documents\AIEYear1Samples\CDDS_IPC_EntityEditor\EntityEditorApp.cpp(105,25): warning C4244: '=': conversion from 'double' to 'float', possible loss of data
  main.cpp
  Generating Code...
LINK : warning LNK4098: defaultlib 'MSVCRT' conflicts with use of other libs; use /NODEFAULTLIB:library
raylib.lib(rcore.obj) : warning LNK4099: PDB 'raylib.pdb' was not found with 'raylib.lib(rcore.obj)' or at 'C:\Users\s213090\Documents\AIEYear1Samples\bin\Win32\Debug\raylib.pdb'; linking object as if no debug info
raylib.lib(rglfw.obj) : warning LNK4099: PDB 'raylib.pdb' was not found with 'raylib.lib(rglfw.obj)' or at 'C:\Users\s213090\Documents\AIEYear1Samples\bin\Win32\Debug\raylib.pdb'; linking object as if no debug info
raylib.lib(rshapes.obj) : warning LNK4099: PDB 'raylib.pdb' was not found with 'raylib.lib(rshapes.obj)' or at 'C:\Users\s213090\Documents\AIEYear1Samples\bin\Win32\Debug\raylib.pdb'; linking object as if no debug info
raylib.lib(rtext.obj) : warning LNK4099: PDB 'raylib.pdb' was not found with 'raylib.lib(rtext.obj)' or at 'C:\Users\s213090\Documents\AIEYear1Samples\bin\Win32\Debug\raylib.pdb'; linking object as if no debug info
raylib.lib(rtextures.obj) : warning LNK4099: PDB 'raylib.pdb' was not found with 'raylib.lib(rtextures.obj)' or at 'C:\Users\s213090\Documents\AIEYear1Samples\bin\Win32\Debug\raylib.pdb'; linking object as if no debug info
raylib.lib(utils.obj) : warning LNK4099: PDB 'raylib.pdb' was not found with 'raylib.lib(utils.obj)' or at 'C:\Users\s213090\Documents\AIEYear1Samples\bin\Win32\Debug\raylib.pdb'; linking object as if no debug info
  CDDS_IPC_EntityEditor.vcxproj -> C:\Users\s213090\Documents\AIEYear1Samples\bin\Win32\Debug\CDDS_IPC_EntityEditor.exe
